<?xml version="1.0" encoding="UTF-8"?>
<!-- Generated by org.testng.reporters.JUnitXMLReporter -->
<testsuite hostname="Deepaks-MacBook-Pro.local" name="Surefire test" tests="2" failures="0" timestamp="15 Jul 2018 03:23:11 GMT" time="0.023" errors="0">
  <testcase name="testCreateProducts" time="0.008" classname="com.ds.jshopping.product.CreateProductTest">
    <skipped/>
  </testcase> <!-- testCreateProducts -->
  <testcase name="contextLoads" time="0.005" classname="com.ds.jshopping.JShoppingTests"/>
</testsuite> <!-- Surefire test -->
